{
  "stats": {
    "suites": 1,
    "tests": 1,
    "passes": 1,
    "pending": 0,
    "failures": 0,
    "start": "2025-02-19T03:34:04.809Z",
    "end": "2025-02-19T03:34:05.058Z",
    "duration": 249,
    "testsRegistered": 1,
    "passPercent": 100,
    "pendingPercent": 0,
    "other": 0,
    "hasOther": false,
    "skipped": 0,
    "hasSkipped": false
  },
  "results": [
    {
      "uuid": "1d8f1ac4-9349-4d23-899f-9d918b303f0e",
      "title": "",
      "fullFile": "cypress/e2e/APITests/10weeksRate.cy.js",
      "file": "cypress/e2e/APITests/10weeksRate.cy.js",
      "beforeHooks": [],
      "afterHooks": [],
      "tests": [],
      "suites": [
        {
          "uuid": "8f8eb566-958c-4c16-a44c-6bccc9af7a6a",
          "title": "Observation by Series API Tests",
          "fullFile": "",
          "file": "",
          "beforeHooks": [],
          "afterHooks": [],
          "tests": [
            {
              "title": "Positive flow: 10 weeks CAD to USD (200)",
              "fullTitle": "Observation by Series API Tests Positive flow: 10 weeks CAD to USD (200)",
              "timedOut": null,
              "duration": 216,
              "state": "passed",
              "speed": "fast",
              "pass": true,
              "fail": false,
              "pending": false,
              "context": null,
              "code": "cy.apiGet(_endpoints.ENDPOINTS.OBSERVATIONS + this.conversions.CADtoUSD + _endpoints.ENDPOINTS.FORMAT, _APIConfig.obsQueryParams, _APIConfig.obsHeaders).then(response => {\n  cy.task('logMessage', `API Response Body: ${JSON.stringify(response.body, null, 2)}`);\n  const observations = response.body.observations;\n  let sum = 0;\n  let count = 0;\n  for (let i = 0; i < observations.length; i++) {\n    const vValue = parseFloat(observations[i].FXCADUSD.v);\n    sum += vValue;\n    count++;\n  }\n  const average = sum / count;\n  cy.task('logMessage', `\\n Average of 10 weeks' CAD to USD rate: ${average.toFixed(4)}`);\n  expect(response.status).to.eq(200);\n});",
              "err": {},
              "uuid": "679e7338-bbee-4053-b7f8-28034718bd7c",
              "parentUUID": "8f8eb566-958c-4c16-a44c-6bccc9af7a6a",
              "isHook": false,
              "skipped": false
            }
          ],
          "suites": [],
          "passes": [
            "679e7338-bbee-4053-b7f8-28034718bd7c"
          ],
          "failures": [],
          "pending": [],
          "skipped": [],
          "duration": 216,
          "root": false,
          "rootEmpty": false,
          "_timeout": 2000
        }
      ],
      "passes": [],
      "failures": [],
      "pending": [],
      "skipped": [],
      "duration": 0,
      "root": true,
      "rootEmpty": true,
      "_timeout": 2000
    }
  ],
  "meta": {
    "mocha": {
      "version": "7.0.1"
    },
    "mochawesome": {
      "options": {
        "quiet": false,
        "reportFilename": "mochawesome",
        "saveHtml": true,
        "saveJson": true,
        "consoleReporter": "spec",
        "useInlineDiffs": false,
        "code": true
      },
      "version": "7.1.3"
    },
    "marge": {
      "options": {
        "reportDir": "cypress/reports",
        "overwrite": true,
        "html": true,
        "json": true
      },
      "version": "6.2.0"
    }
  }
}